{"/home/alexander/project_2/frontend-project-lvl2/src/index.js": {"path":"/home/alexander/project_2/frontend-project-lvl2/src/index.js","statementMap":{"0":{"start":{"line":4,"column":16},"end":{"line":41,"column":2}},"1":{"start":{"line":6,"column":13},"end":{"line":6,"column":47}},"2":{"start":{"line":7,"column":13},"end":{"line":7,"column":47}},"3":{"start":{"line":10,"column":15},"end":{"line":10,"column":29}},"4":{"start":{"line":11,"column":15},"end":{"line":11,"column":30}},"5":{"start":{"line":13,"column":20},"end":{"line":13,"column":38}},"6":{"start":{"line":14,"column":21},"end":{"line":14,"column":39}},"7":{"start":{"line":16,"column":18},"end":{"line":16,"column":70}},"8":{"start":{"line":16,"column":44},"end":{"line":16,"column":69}},"9":{"start":{"line":17,"column":18},"end":{"line":20,"column":8}},"10":{"start":{"line":18,"column":16},"end":{"line":18,"column":27}},"11":{"start":{"line":19,"column":4},"end":{"line":19,"column":40}},"12":{"start":{"line":22,"column":17},"end":{"line":37,"column":8}},"13":{"start":{"line":23,"column":3},"end":{"line":26,"column":4}},"14":{"start":{"line":24,"column":17},"end":{"line":24,"column":28}},"15":{"start":{"line":25,"column":9},"end":{"line":25,"column":71}},"16":{"start":{"line":27,"column":4},"end":{"line":30,"column":5}},"17":{"start":{"line":28,"column":18},"end":{"line":28,"column":29}},"18":{"start":{"line":29,"column":6},"end":{"line":29,"column":42}},"19":{"start":{"line":31,"column":5},"end":{"line":34,"column":5}},"20":{"start":{"line":32,"column":18},"end":{"line":32,"column":29}},"21":{"start":{"line":33,"column":6},"end":{"line":33,"column":42}},"22":{"start":{"line":36,"column":3},"end":{"line":36,"column":14}},"23":{"start":{"line":39,"column":17},"end":{"line":39,"column":39}},"24":{"start":{"line":40,"column":0},"end":{"line":40,"column":24}}},"fnMap":{"0":{"name":"(anonymous_0)","decl":{"start":{"line":4,"column":16},"end":{"line":4,"column":17}},"loc":{"start":{"line":4,"column":42},"end":{"line":41,"column":2}},"line":4},"1":{"name":"(anonymous_1)","decl":{"start":{"line":16,"column":35},"end":{"line":16,"column":36}},"loc":{"start":{"line":16,"column":44},"end":{"line":16,"column":69}},"line":16},"2":{"name":"(anonymous_2)","decl":{"start":{"line":17,"column":33},"end":{"line":17,"column":34}},"loc":{"start":{"line":17,"column":48},"end":{"line":20,"column":3}},"line":17},"3":{"name":"(anonymous_3)","decl":{"start":{"line":22,"column":35},"end":{"line":22,"column":36}},"loc":{"start":{"line":22,"column":50},"end":{"line":37,"column":3}},"line":22}},"branchMap":{"0":{"loc":{"start":{"line":23,"column":3},"end":{"line":26,"column":4}},"type":"if","locations":[{"start":{"line":23,"column":3},"end":{"line":26,"column":4}},{"start":{"line":23,"column":3},"end":{"line":26,"column":4}}],"line":23},"1":{"loc":{"start":{"line":23,"column":6},"end":{"line":23,"column":63}},"type":"binary-expr","locations":[{"start":{"line":23,"column":6},"end":{"line":23,"column":30}},{"start":{"line":23,"column":35},"end":{"line":23,"column":62}}],"line":23},"2":{"loc":{"start":{"line":27,"column":4},"end":{"line":30,"column":5}},"type":"if","locations":[{"start":{"line":27,"column":4},"end":{"line":30,"column":5}},{"start":{"line":27,"column":4},"end":{"line":30,"column":5}}],"line":27},"3":{"loc":{"start":{"line":27,"column":7},"end":{"line":27,"column":64}},"type":"binary-expr","locations":[{"start":{"line":27,"column":7},"end":{"line":27,"column":31}},{"start":{"line":27,"column":36},"end":{"line":27,"column":63}}],"line":27},"4":{"loc":{"start":{"line":31,"column":5},"end":{"line":34,"column":5}},"type":"if","locations":[{"start":{"line":31,"column":5},"end":{"line":34,"column":5}},{"start":{"line":31,"column":5},"end":{"line":34,"column":5}}],"line":31}},"s":{"0":1,"1":1,"2":1,"3":1,"4":1,"5":1,"6":1,"7":1,"8":4,"9":1,"10":2,"11":2,"12":1,"13":3,"14":1,"15":1,"16":2,"17":1,"18":1,"19":1,"20":1,"21":1,"22":0,"23":1,"24":1},"f":{"0":1,"1":4,"2":2,"3":3},"b":{"0":[1,2],"1":[3,2],"2":[1,1],"3":[2,1],"4":[1,0]},"_coverageSchema":"43e27e138ebf9cfc5966b082cf9a028302ed4184","hash":"c52fe08c0b2a5c708b58d3799811cc0b5d4c43fa"}
}
