TN:
SF:/home/alexander/project_2/frontend-project-lvl2/src/index.js
FN:4,(anonymous_0)
FN:16,(anonymous_1)
FN:17,(anonymous_2)
FN:22,(anonymous_3)
FNF:4
FNH:4
FNDA:1,(anonymous_0)
FNDA:4,(anonymous_1)
FNDA:2,(anonymous_2)
FNDA:3,(anonymous_3)
DA:4,1
DA:6,1
DA:7,1
DA:10,1
DA:11,1
DA:13,1
DA:14,1
DA:16,4
DA:17,1
DA:18,2
DA:19,2
DA:22,1
DA:23,3
DA:24,1
DA:25,1
DA:27,2
DA:28,1
DA:29,1
DA:31,1
DA:32,1
DA:33,1
DA:36,0
DA:39,1
DA:40,1
LF:24
LH:23
BRDA:23,0,0,1
BRDA:23,0,1,2
BRDA:23,1,0,3
BRDA:23,1,1,2
BRDA:27,2,0,1
BRDA:27,2,1,1
BRDA:27,3,0,2
BRDA:27,3,1,1
BRDA:31,4,0,1
BRDA:31,4,1,0
BRF:10
BRH:9
end_of_record
